CMake Warning (dev) in CMakeLists.txt:
  No project() command is present.  The top-level CMakeLists.txt file must
  contain a literal, direct call to the project() command.  Add a line of
  code such as

    project(ProjectName)

  near the top of the file, but after cmake_minimum_required().

  CMake is pretending there is a "project(Project)" command on the first
  line.
This warning is for project developers.  Use -Wno-dev to suppress it.

-- The C compiler identification is GNU 7.5.0
-- The CXX compiler identification is GNU 7.5.0
-- Detecting C compiler ABI info
-- Detecting C compiler ABI info - done
-- Check for working C compiler: /usr/bin/cc - skipped
-- Detecting C compile features
-- Detecting C compile features - done
-- Detecting CXX compiler ABI info
-- Detecting CXX compiler ABI info - done
-- Check for working CXX compiler: /usr/bin/c++ - skipped
-- Detecting CXX compile features
-- Detecting CXX compile features - done
CMake Deprecation Warning at CMakeLists.txt:4 (cmake_minimum_required):
  Compatibility with CMake < 2.8.12 will be removed from a future version of
  CMake.

  Update the VERSION argument <min> value or use a ...<max> suffix to tell
  CMake that the project does not need compatibility with older versions.


-- Using CATKIN_DEVEL_PREFIX: /home/lowjunen/StanfordMSL/quadrotor_sim/flight/ros/custom_msgs/matlab_msg_gen_ros1/glnxa64/devel
-- Using CMAKE_PREFIX_PATH: /usr/local/MATLAB/R2021a/sys/ros1/glnxa64/ros1;/usr/local/MATLAB/R2021a/toolbox/ros/mlroscpp/custom_messages
-- This workspace overlays: /usr/local/MATLAB/R2021a/sys/ros1/glnxa64/ros1;/usr/local/MATLAB/R2021a/toolbox/ros/mlroscpp/custom_messages
-- Found PythonInterp: /home/lowjunen/.matlab/R2021a/ros1/glnxa64/venv/bin/python2 (found suitable version "2.7.17", minimum required is "2") 
-- Using PYTHON_EXECUTABLE: /home/lowjunen/.matlab/R2021a/ros1/glnxa64/venv/bin/python2
-- Using Debian Python package layout
-- Using empy: /usr/bin/empy
-- Using CATKIN_ENABLE_TESTING: off
-- catkin 0.7.17
-- BUILD_SHARED_LIBS is on
-- BUILD_SHARED_LIBS is on
-- ~~~~~~~~~~~~~~~~~~~~~~~~~~~~~~~~~~~~~~~~~~~~~~~~~
-- ~~  traversing 2 packages in topological order:
-- ~~  - bridge_px4
-- ~~  - mavros_msgs
-- ~~~~~~~~~~~~~~~~~~~~~~~~~~~~~~~~~~~~~~~~~~~~~~~~~
-- +++ processing catkin package: 'bridge_px4'
-- ==> add_subdirectory(bridge_px4)
-- Disabling the following message generators: geneus;genlisp;gennodejs
-- Using these message generators: gencpp;genpy
-- bridge_px4: 0 messages, 1 services
-- +++ processing catkin package: 'mavros_msgs'
-- ==> add_subdirectory(mavros_msgs)
-- Disabling the following message generators: geneus;genlisp;gennodejs
-- Using these message generators: gencpp;genpy
-- mavros_msgs: 3 messages, 3 services
-- Configuring done
-- Generating done
CMake Warning:
  Manually-specified variables were not used by the project:

    Boost_NAMESPACE


-- Build files have been written to: /home/lowjunen/StanfordMSL/quadrotor_sim/flight/ros/custom_msgs/matlab_msg_gen_ros1/glnxa64/build
[1/34] cd /home/lowjunen/StanfordMSL/quadrotor_sim/flight/ros/custom_msgs/matlab_msg_gen_ros1/glnxa64/build/bridge_px4 && /home/lowjunen/StanfordMSL/quadrotor_sim/flight/ros/custom_msgs/matlab_msg_gen_ros1/glnxa64/build/catkin_generated/env_cached.sh /home/lowjunen/.matlab/R2021a/ros1/glnxa64/venv/bin/python2 /usr/local/MATLAB/R2021a/sys/ros1/glnxa64/ros1/share/genmsg/cmake/../../../lib/genmsg/genmsg_check_deps.py bridge_px4 /home/lowjunen/StanfordMSL/quadrotor_sim/flight/ros/custom_msgs/matlab_msg_gen_ros1/glnxa64/src/bridge_px4/srv/TrajTransfer.srv
[2/34] cd /home/lowjunen/StanfordMSL/quadrotor_sim/flight/ros/custom_msgs/matlab_msg_gen_ros1/glnxa64/build/mavros_msgs && /home/lowjunen/StanfordMSL/quadrotor_sim/flight/ros/custom_msgs/matlab_msg_gen_ros1/glnxa64/build/catkin_generated/env_cached.sh /home/lowjunen/.matlab/R2021a/ros1/glnxa64/venv/bin/python2 /usr/local/MATLAB/R2021a/sys/ros1/glnxa64/ros1/share/genmsg/cmake/../../../lib/genmsg/genmsg_check_deps.py mavros_msgs /home/lowjunen/StanfordMSL/quadrotor_sim/flight/ros/custom_msgs/matlab_msg_gen_ros1/glnxa64/src/mavros_msgs/msg/ActuatorControl.msg std_msgs/Header
[3/34] cd /home/lowjunen/StanfordMSL/quadrotor_sim/flight/ros/custom_msgs/matlab_msg_gen_ros1/glnxa64/build/mavros_msgs && /home/lowjunen/StanfordMSL/quadrotor_sim/flight/ros/custom_msgs/matlab_msg_gen_ros1/glnxa64/build/catkin_generated/env_cached.sh /home/lowjunen/.matlab/R2021a/ros1/glnxa64/venv/bin/python2 /usr/local/MATLAB/R2021a/sys/ros1/glnxa64/ros1/share/genmsg/cmake/../../../lib/genmsg/genmsg_check_deps.py mavros_msgs /home/lowjunen/StanfordMSL/quadrotor_sim/flight/ros/custom_msgs/matlab_msg_gen_ros1/glnxa64/src/mavros_msgs/msg/Thrust.msg std_msgs/Header
[4/34] cd /home/lowjunen/StanfordMSL/quadrotor_sim/flight/ros/custom_msgs/matlab_msg_gen_ros1/glnxa64/build/mavros_msgs && /home/lowjunen/StanfordMSL/quadrotor_sim/flight/ros/custom_msgs/matlab_msg_gen_ros1/glnxa64/build/catkin_generated/env_cached.sh /home/lowjunen/.matlab/R2021a/ros1/glnxa64/venv/bin/python2 /usr/local/MATLAB/R2021a/sys/ros1/glnxa64/ros1/share/genmsg/cmake/../../../lib/genmsg/genmsg_check_deps.py mavros_msgs /home/lowjunen/StanfordMSL/quadrotor_sim/flight/ros/custom_msgs/matlab_msg_gen_ros1/glnxa64/src/mavros_msgs/srv/CommandBool.srv
[5/34] cd /home/lowjunen/StanfordMSL/quadrotor_sim/flight/ros/custom_msgs/matlab_msg_gen_ros1/glnxa64/build/mavros_msgs && /home/lowjunen/StanfordMSL/quadrotor_sim/flight/ros/custom_msgs/matlab_msg_gen_ros1/glnxa64/build/catkin_generated/env_cached.sh /home/lowjunen/.matlab/R2021a/ros1/glnxa64/venv/bin/python2 /usr/local/MATLAB/R2021a/sys/ros1/glnxa64/ros1/share/genmsg/cmake/../../../lib/genmsg/genmsg_check_deps.py mavros_msgs /home/lowjunen/StanfordMSL/quadrotor_sim/flight/ros/custom_msgs/matlab_msg_gen_ros1/glnxa64/src/mavros_msgs/srv/SetMode.srv
[6/34] cd /home/lowjunen/StanfordMSL/quadrotor_sim/flight/ros/custom_msgs/matlab_msg_gen_ros1/glnxa64/build/mavros_msgs && /home/lowjunen/StanfordMSL/quadrotor_sim/flight/ros/custom_msgs/matlab_msg_gen_ros1/glnxa64/build/catkin_generated/env_cached.sh /home/lowjunen/.matlab/R2021a/ros1/glnxa64/venv/bin/python2 /usr/local/MATLAB/R2021a/sys/ros1/glnxa64/ros1/share/genmsg/cmake/../../../lib/genmsg/genmsg_check_deps.py mavros_msgs /home/lowjunen/StanfordMSL/quadrotor_sim/flight/ros/custom_msgs/matlab_msg_gen_ros1/glnxa64/src/mavros_msgs/srv/CommandTOL.srv
[7/34] cd /home/lowjunen/StanfordMSL/quadrotor_sim/flight/ros/custom_msgs/matlab_msg_gen_ros1/glnxa64/build/mavros_msgs && /home/lowjunen/StanfordMSL/quadrotor_sim/flight/ros/custom_msgs/matlab_msg_gen_ros1/glnxa64/build/catkin_generated/env_cached.sh /home/lowjunen/.matlab/R2021a/ros1/glnxa64/venv/bin/python2 /usr/local/MATLAB/R2021a/sys/ros1/glnxa64/ros1/share/genmsg/cmake/../../../lib/genmsg/genmsg_check_deps.py mavros_msgs /home/lowjunen/StanfordMSL/quadrotor_sim/flight/ros/custom_msgs/matlab_msg_gen_ros1/glnxa64/src/mavros_msgs/msg/AttitudeTarget.msg geometry_msgs/Vector3:geometry_msgs/Quaternion:std_msgs/Header
[8/34] Generating C++ code from mavros_msgs/AttitudeTarget.msg
[9/34] Generating C++ code from mavros_msgs/Thrust.msg
[10/34] Generating Python code from SRV bridge_px4/TrajTransfer
[11/34] Generating Python from MSG mavros_msgs/AttitudeTarget
[12/34] Generating Python from MSG mavros_msgs/ActuatorControl
[13/34] Generating Python code from SRV mavros_msgs/CommandBool
[14/34] Generating Python from MSG mavros_msgs/Thrust
[15/34] Generating C++ code from mavros_msgs/ActuatorControl.msg
[16/34] Generating C++ code from bridge_px4/TrajTransfer.srv
[17/34] Generating C++ code from mavros_msgs/CommandTOL.srv
[18/34] Generating Python code from SRV mavros_msgs/CommandTOL
[19/34] Generating C++ code from mavros_msgs/CommandBool.srv
[20/34] Generating C++ code from mavros_msgs/SetMode.srv
[21/34] Generating Python code from SRV mavros_msgs/SetMode
[22/34] Generating Python srv __init__.py for bridge_px4
[23/34] Generating Python msg __init__.py for mavros_msgs
[24/34] Generating Python srv __init__.py for mavros_msgs
[25/34] Building CXX object mavros_msgs/CMakeFiles/mavros_msgs_matlab.dir/src/mavros_msgs_Thrust_message.cpp.o
[26/34] Building CXX object mavros_msgs/CMakeFiles/mavros_msgs_matlab.dir/src/mavros_msgs_ActuatorControl_message.cpp.o
[27/34] Building CXX object mavros_msgs/CMakeFiles/mavros_msgs_matlab.dir/src/mavros_msgs_CommandBool_service.cpp.o
[28/34] Building CXX object mavros_msgs/CMakeFiles/mavros_msgs_matlab.dir/src/mavros_msgs_CommandTOL_service.cpp.o
[29/34] Building CXX object mavros_msgs/CMakeFiles/mavros_msgs_matlab.dir/src/mavros_msgs_AttitudeTarget_message.cpp.o
[30/34] Building CXX object mavros_msgs/CMakeFiles/mavros_msgs_matlab.dir/src/mavros_msgs_SetMode_service.cpp.o
[31/34] Linking CXX shared library /home/lowjunen/StanfordMSL/quadrotor_sim/flight/ros/custom_msgs/matlab_msg_gen_ros1/glnxa64/devel/lib/libmavros_msgs_matlab.so
[32/34] Building CXX object bridge_px4/CMakeFiles/bridge_px4_matlab.dir/src/bridge_px4_TrajTransfer_service.cpp.o
[33/34] Linking CXX shared library /home/lowjunen/StanfordMSL/quadrotor_sim/flight/ros/custom_msgs/matlab_msg_gen_ros1/glnxa64/devel/lib/libbridge_px4_matlab.so
[33/34] Install the project...
-- Install configuration: "Release"
-- Installing: /home/lowjunen/StanfordMSL/quadrotor_sim/flight/ros/custom_msgs/matlab_msg_gen_ros1/glnxa64/install/_setup_util.py
-- Installing: /home/lowjunen/StanfordMSL/quadrotor_sim/flight/ros/custom_msgs/matlab_msg_gen_ros1/glnxa64/install/env.sh
-- Installing: /home/lowjunen/StanfordMSL/quadrotor_sim/flight/ros/custom_msgs/matlab_msg_gen_ros1/glnxa64/install/setup.bash
-- Installing: /home/lowjunen/StanfordMSL/quadrotor_sim/flight/ros/custom_msgs/matlab_msg_gen_ros1/glnxa64/install/local_setup.bash
-- Installing: /home/lowjunen/StanfordMSL/quadrotor_sim/flight/ros/custom_msgs/matlab_msg_gen_ros1/glnxa64/install/setup.sh
-- Installing: /home/lowjunen/StanfordMSL/quadrotor_sim/flight/ros/custom_msgs/matlab_msg_gen_ros1/glnxa64/install/local_setup.sh
-- Installing: /home/lowjunen/StanfordMSL/quadrotor_sim/flight/ros/custom_msgs/matlab_msg_gen_ros1/glnxa64/install/setup.zsh
-- Installing: /home/lowjunen/StanfordMSL/quadrotor_sim/flight/ros/custom_msgs/matlab_msg_gen_ros1/glnxa64/install/local_setup.zsh
-- Installing: /home/lowjunen/StanfordMSL/quadrotor_sim/flight/ros/custom_msgs/matlab_msg_gen_ros1/glnxa64/install/.rosinstall
-- Installing: /home/lowjunen/StanfordMSL/quadrotor_sim/flight/ros/custom_msgs/matlab_msg_gen_ros1/glnxa64/install/share/bridge_px4/srv/TrajTransfer.srv
-- Installing: /home/lowjunen/StanfordMSL/quadrotor_sim/flight/ros/custom_msgs/matlab_msg_gen_ros1/glnxa64/install/share/bridge_px4/cmake/bridge_px4-msg-paths.cmake
-- Installing: /home/lowjunen/StanfordMSL/quadrotor_sim/flight/ros/custom_msgs/matlab_msg_gen_ros1/glnxa64/install/include/bridge_px4
-- Installing: /home/lowjunen/StanfordMSL/quadrotor_sim/flight/ros/custom_msgs/matlab_msg_gen_ros1/glnxa64/install/include/bridge_px4/TrajTransfer.h
-- Installing: /home/lowjunen/StanfordMSL/quadrotor_sim/flight/ros/custom_msgs/matlab_msg_gen_ros1/glnxa64/install/include/bridge_px4/TrajTransferRequest.h
-- Installing: /home/lowjunen/StanfordMSL/quadrotor_sim/flight/ros/custom_msgs/matlab_msg_gen_ros1/glnxa64/install/include/bridge_px4/TrajTransferResponse.h
Listing /home/lowjunen/StanfordMSL/quadrotor_sim/flight/ros/custom_msgs/matlab_msg_gen_ros1/glnxa64/devel/lib/python2.7/dist-packages/bridge_px4 ...
Compiling /home/lowjunen/StanfordMSL/quadrotor_sim/flight/ros/custom_msgs/matlab_msg_gen_ros1/glnxa64/devel/lib/python2.7/dist-packages/bridge_px4/__init__.py ...
Listing /home/lowjunen/StanfordMSL/quadrotor_sim/flight/ros/custom_msgs/matlab_msg_gen_ros1/glnxa64/devel/lib/python2.7/dist-packages/bridge_px4/srv ...
Compiling /home/lowjunen/StanfordMSL/quadrotor_sim/flight/ros/custom_msgs/matlab_msg_gen_ros1/glnxa64/devel/lib/python2.7/dist-packages/bridge_px4/srv/_TrajTransfer.py ...
Compiling /home/lowjunen/StanfordMSL/quadrotor_sim/flight/ros/custom_msgs/matlab_msg_gen_ros1/glnxa64/devel/lib/python2.7/dist-packages/bridge_px4/srv/__init__.py ...
-- Installing: /home/lowjunen/StanfordMSL/quadrotor_sim/flight/ros/custom_msgs/matlab_msg_gen_ros1/glnxa64/install/lib/python2.7/dist-packages/bridge_px4
-- Installing: /home/lowjunen/StanfordMSL/quadrotor_sim/flight/ros/custom_msgs/matlab_msg_gen_ros1/glnxa64/install/lib/python2.7/dist-packages/bridge_px4/__init__.pyc
-- Installing: /home/lowjunen/StanfordMSL/quadrotor_sim/flight/ros/custom_msgs/matlab_msg_gen_ros1/glnxa64/install/lib/python2.7/dist-packages/bridge_px4/__init__.py
-- Installing: /home/lowjunen/StanfordMSL/quadrotor_sim/flight/ros/custom_msgs/matlab_msg_gen_ros1/glnxa64/install/lib/python2.7/dist-packages/bridge_px4/srv
-- Installing: /home/lowjunen/StanfordMSL/quadrotor_sim/flight/ros/custom_msgs/matlab_msg_gen_ros1/glnxa64/install/lib/python2.7/dist-packages/bridge_px4/srv/__init__.pyc
-- Installing: /home/lowjunen/StanfordMSL/quadrotor_sim/flight/ros/custom_msgs/matlab_msg_gen_ros1/glnxa64/install/lib/python2.7/dist-packages/bridge_px4/srv/__init__.py
-- Installing: /home/lowjunen/StanfordMSL/quadrotor_sim/flight/ros/custom_msgs/matlab_msg_gen_ros1/glnxa64/install/lib/python2.7/dist-packages/bridge_px4/srv/_TrajTransfer.pyc
-- Installing: /home/lowjunen/StanfordMSL/quadrotor_sim/flight/ros/custom_msgs/matlab_msg_gen_ros1/glnxa64/install/lib/python2.7/dist-packages/bridge_px4/srv/_TrajTransfer.py
-- Installing: /home/lowjunen/StanfordMSL/quadrotor_sim/flight/ros/custom_msgs/matlab_msg_gen_ros1/glnxa64/install/lib/pkgconfig/bridge_px4.pc
-- Installing: /home/lowjunen/StanfordMSL/quadrotor_sim/flight/ros/custom_msgs/matlab_msg_gen_ros1/glnxa64/install/share/bridge_px4/cmake/bridge_px4-msg-extras.cmake
-- Installing: /home/lowjunen/StanfordMSL/quadrotor_sim/flight/ros/custom_msgs/matlab_msg_gen_ros1/glnxa64/install/share/bridge_px4/cmake/bridge_px4Config.cmake
-- Installing: /home/lowjunen/StanfordMSL/quadrotor_sim/flight/ros/custom_msgs/matlab_msg_gen_ros1/glnxa64/install/share/bridge_px4/cmake/bridge_px4Config-version.cmake
-- Installing: /home/lowjunen/StanfordMSL/quadrotor_sim/flight/ros/custom_msgs/matlab_msg_gen_ros1/glnxa64/install/share/bridge_px4/package.xml
-- Up-to-date: /home/lowjunen/StanfordMSL/quadrotor_sim/flight/ros/custom_msgs/matlab_msg_gen_ros1/glnxa64/install/include
-- Up-to-date: /home/lowjunen/StanfordMSL/quadrotor_sim/flight/ros/custom_msgs/matlab_msg_gen_ros1/glnxa64/install/include/bridge_px4
-- Installing: /home/lowjunen/StanfordMSL/quadrotor_sim/flight/ros/custom_msgs/matlab_msg_gen_ros1/glnxa64/install/include/bridge_px4/visibility_control.h
-- Installing: /home/lowjunen/StanfordMSL/quadrotor_sim/flight/ros/custom_msgs/matlab_msg_gen_ros1/glnxa64/install/lib/libbridge_px4_matlab.so
-- Installing: /home/lowjunen/StanfordMSL/quadrotor_sim/flight/ros/custom_msgs/matlab_msg_gen_ros1/glnxa64/install/m/
-- Installing: /home/lowjunen/StanfordMSL/quadrotor_sim/flight/ros/custom_msgs/matlab_msg_gen_ros1/glnxa64/install/m//+ros
-- Installing: /home/lowjunen/StanfordMSL/quadrotor_sim/flight/ros/custom_msgs/matlab_msg_gen_ros1/glnxa64/install/m//+ros/+internal
-- Installing: /home/lowjunen/StanfordMSL/quadrotor_sim/flight/ros/custom_msgs/matlab_msg_gen_ros1/glnxa64/install/m//+ros/+internal/+ros
-- Installing: /home/lowjunen/StanfordMSL/quadrotor_sim/flight/ros/custom_msgs/matlab_msg_gen_ros1/glnxa64/install/m//+ros/+internal/+ros/+custommessages
-- Installing: /home/lowjunen/StanfordMSL/quadrotor_sim/flight/ros/custom_msgs/matlab_msg_gen_ros1/glnxa64/install/m//+ros/+internal/+ros/+custommessages/+bridge_px4
-- Installing: /home/lowjunen/StanfordMSL/quadrotor_sim/flight/ros/custom_msgs/matlab_msg_gen_ros1/glnxa64/install/m//+ros/+internal/+ros/+custommessages/+bridge_px4/trajTransferResponse.m
-- Installing: /home/lowjunen/StanfordMSL/quadrotor_sim/flight/ros/custom_msgs/matlab_msg_gen_ros1/glnxa64/install/m//+ros/+internal/+ros/+custommessages/+bridge_px4/trajTransferRequest.m
-- Installing: /home/lowjunen/StanfordMSL/quadrotor_sim/flight/ros/custom_msgs/matlab_msg_gen_ros1/glnxa64/install/m//+ros/+msggen
-- Installing: /home/lowjunen/StanfordMSL/quadrotor_sim/flight/ros/custom_msgs/matlab_msg_gen_ros1/glnxa64/install/m//+ros/+msggen/+bridge_px4
-- Installing: /home/lowjunen/StanfordMSL/quadrotor_sim/flight/ros/custom_msgs/matlab_msg_gen_ros1/glnxa64/install/m//+ros/+msggen/+bridge_px4/TrajTransferResponse.m
-- Installing: /home/lowjunen/StanfordMSL/quadrotor_sim/flight/ros/custom_msgs/matlab_msg_gen_ros1/glnxa64/install/m//+ros/+msggen/+bridge_px4/TrajTransferRequest.m
-- Installing: /home/lowjunen/StanfordMSL/quadrotor_sim/flight/ros/custom_msgs/matlab_msg_gen_ros1/glnxa64/install/share/mavros_msgs/msg/ActuatorControl.msg
-- Installing: /home/lowjunen/StanfordMSL/quadrotor_sim/flight/ros/custom_msgs/matlab_msg_gen_ros1/glnxa64/install/share/mavros_msgs/msg/AttitudeTarget.msg
-- Installing: /home/lowjunen/StanfordMSL/quadrotor_sim/flight/ros/custom_msgs/matlab_msg_gen_ros1/glnxa64/install/share/mavros_msgs/msg/Thrust.msg
-- Installing: /home/lowjunen/StanfordMSL/quadrotor_sim/flight/ros/custom_msgs/matlab_msg_gen_ros1/glnxa64/install/share/mavros_msgs/srv/CommandBool.srv
-- Installing: /home/lowjunen/StanfordMSL/quadrotor_sim/flight/ros/custom_msgs/matlab_msg_gen_ros1/glnxa64/install/share/mavros_msgs/srv/CommandTOL.srv
-- Installing: /home/lowjunen/StanfordMSL/quadrotor_sim/flight/ros/custom_msgs/matlab_msg_gen_ros1/glnxa64/install/share/mavros_msgs/srv/SetMode.srv
-- Installing: /home/lowjunen/StanfordMSL/quadrotor_sim/flight/ros/custom_msgs/matlab_msg_gen_ros1/glnxa64/install/share/mavros_msgs/cmake/mavros_msgs-msg-paths.cmake
-- Installing: /home/lowjunen/StanfordMSL/quadrotor_sim/flight/ros/custom_msgs/matlab_msg_gen_ros1/glnxa64/install/include/mavros_msgs
-- Installing: /home/lowjunen/StanfordMSL/quadrotor_sim/flight/ros/custom_msgs/matlab_msg_gen_ros1/glnxa64/install/include/mavros_msgs/CommandBoolRequest.h
-- Installing: /home/lowjunen/StanfordMSL/quadrotor_sim/flight/ros/custom_msgs/matlab_msg_gen_ros1/glnxa64/install/include/mavros_msgs/CommandTOLResponse.h
-- Installing: /home/lowjunen/StanfordMSL/quadrotor_sim/flight/ros/custom_msgs/matlab_msg_gen_ros1/glnxa64/install/include/mavros_msgs/SetMode.h
-- Installing: /home/lowjunen/StanfordMSL/quadrotor_sim/flight/ros/custom_msgs/matlab_msg_gen_ros1/glnxa64/install/include/mavros_msgs/Thrust.h
-- Installing: /home/lowjunen/StanfordMSL/quadrotor_sim/flight/ros/custom_msgs/matlab_msg_gen_ros1/glnxa64/install/include/mavros_msgs/ActuatorControl.h
-- Installing: /home/lowjunen/StanfordMSL/quadrotor_sim/flight/ros/custom_msgs/matlab_msg_gen_ros1/glnxa64/install/include/mavros_msgs/AttitudeTarget.h
-- Installing: /home/lowjunen/StanfordMSL/quadrotor_sim/flight/ros/custom_msgs/matlab_msg_gen_ros1/glnxa64/install/include/mavros_msgs/CommandBool.h
-- Installing: /home/lowjunen/StanfordMSL/quadrotor_sim/flight/ros/custom_msgs/matlab_msg_gen_ros1/glnxa64/install/include/mavros_msgs/SetModeResponse.h
-- Installing: /home/lowjunen/StanfordMSL/quadrotor_sim/flight/ros/custom_msgs/matlab_msg_gen_ros1/glnxa64/install/include/mavros_msgs/SetModeRequest.h
-- Installing: /home/lowjunen/StanfordMSL/quadrotor_sim/flight/ros/custom_msgs/matlab_msg_gen_ros1/glnxa64/install/include/mavros_msgs/CommandTOL.h
-- Installing: /home/lowjunen/StanfordMSL/quadrotor_sim/flight/ros/custom_msgs/matlab_msg_gen_ros1/glnxa64/install/include/mavros_msgs/CommandBoolResponse.h
-- Installing: /home/lowjunen/StanfordMSL/quadrotor_sim/flight/ros/custom_msgs/matlab_msg_gen_ros1/glnxa64/install/include/mavros_msgs/CommandTOLRequest.h
Listing /home/lowjunen/StanfordMSL/quadrotor_sim/flight/ros/custom_msgs/matlab_msg_gen_ros1/glnxa64/devel/lib/python2.7/dist-packages/mavros_msgs ...
Compiling /home/lowjunen/StanfordMSL/quadrotor_sim/flight/ros/custom_msgs/matlab_msg_gen_ros1/glnxa64/devel/lib/python2.7/dist-packages/mavros_msgs/__init__.py ...
Listing /home/lowjunen/StanfordMSL/quadrotor_sim/flight/ros/custom_msgs/matlab_msg_gen_ros1/glnxa64/devel/lib/python2.7/dist-packages/mavros_msgs/msg ...
Compiling /home/lowjunen/StanfordMSL/quadrotor_sim/flight/ros/custom_msgs/matlab_msg_gen_ros1/glnxa64/devel/lib/python2.7/dist-packages/mavros_msgs/msg/_ActuatorControl.py ...
Compiling /home/lowjunen/StanfordMSL/quadrotor_sim/flight/ros/custom_msgs/matlab_msg_gen_ros1/glnxa64/devel/lib/python2.7/dist-packages/mavros_msgs/msg/_AttitudeTarget.py ...
Compiling /home/lowjunen/StanfordMSL/quadrotor_sim/flight/ros/custom_msgs/matlab_msg_gen_ros1/glnxa64/devel/lib/python2.7/dist-packages/mavros_msgs/msg/_Thrust.py ...
Compiling /home/lowjunen/StanfordMSL/quadrotor_sim/flight/ros/custom_msgs/matlab_msg_gen_ros1/glnxa64/devel/lib/python2.7/dist-packages/mavros_msgs/msg/__init__.py ...
Listing /home/lowjunen/StanfordMSL/quadrotor_sim/flight/ros/custom_msgs/matlab_msg_gen_ros1/glnxa64/devel/lib/python2.7/dist-packages/mavros_msgs/srv ...
Compiling /home/lowjunen/StanfordMSL/quadrotor_sim/flight/ros/custom_msgs/matlab_msg_gen_ros1/glnxa64/devel/lib/python2.7/dist-packages/mavros_msgs/srv/_CommandBool.py ...
Compiling /home/lowjunen/StanfordMSL/quadrotor_sim/flight/ros/custom_msgs/matlab_msg_gen_ros1/glnxa64/devel/lib/python2.7/dist-packages/mavros_msgs/srv/_CommandTOL.py ...
Compiling /home/lowjunen/StanfordMSL/quadrotor_sim/flight/ros/custom_msgs/matlab_msg_gen_ros1/glnxa64/devel/lib/python2.7/dist-packages/mavros_msgs/srv/_SetMode.py ...
Compiling /home/lowjunen/StanfordMSL/quadrotor_sim/flight/ros/custom_msgs/matlab_msg_gen_ros1/glnxa64/devel/lib/python2.7/dist-packages/mavros_msgs/srv/__init__.py ...
-- Installing: /home/lowjunen/StanfordMSL/quadrotor_sim/flight/ros/custom_msgs/matlab_msg_gen_ros1/glnxa64/install/lib/python2.7/dist-packages/mavros_msgs
-- Installing: /home/lowjunen/StanfordMSL/quadrotor_sim/flight/ros/custom_msgs/matlab_msg_gen_ros1/glnxa64/install/lib/python2.7/dist-packages/mavros_msgs/__init__.pyc
-- Installing: /home/lowjunen/StanfordMSL/quadrotor_sim/flight/ros/custom_msgs/matlab_msg_gen_ros1/glnxa64/install/lib/python2.7/dist-packages/mavros_msgs/__init__.py
-- Installing: /home/lowjunen/StanfordMSL/quadrotor_sim/flight/ros/custom_msgs/matlab_msg_gen_ros1/glnxa64/install/lib/python2.7/dist-packages/mavros_msgs/srv
-- Installing: /home/lowjunen/StanfordMSL/quadrotor_sim/flight/ros/custom_msgs/matlab_msg_gen_ros1/glnxa64/install/lib/python2.7/dist-packages/mavros_msgs/srv/__init__.pyc
-- Installing: /home/lowjunen/StanfordMSL/quadrotor_sim/flight/ros/custom_msgs/matlab_msg_gen_ros1/glnxa64/install/lib/python2.7/dist-packages/mavros_msgs/srv/_CommandBool.py
-- Installing: /home/lowjunen/StanfordMSL/quadrotor_sim/flight/ros/custom_msgs/matlab_msg_gen_ros1/glnxa64/install/lib/python2.7/dist-packages/mavros_msgs/srv/_SetMode.pyc
-- Installing: /home/lowjunen/StanfordMSL/quadrotor_sim/flight/ros/custom_msgs/matlab_msg_gen_ros1/glnxa64/install/lib/python2.7/dist-packages/mavros_msgs/srv/__init__.py
-- Installing: /home/lowjunen/StanfordMSL/quadrotor_sim/flight/ros/custom_msgs/matlab_msg_gen_ros1/glnxa64/install/lib/python2.7/dist-packages/mavros_msgs/srv/_CommandTOL.py
-- Installing: /home/lowjunen/StanfordMSL/quadrotor_sim/flight/ros/custom_msgs/matlab_msg_gen_ros1/glnxa64/install/lib/python2.7/dist-packages/mavros_msgs/srv/_CommandTOL.pyc
-- Installing: /home/lowjunen/StanfordMSL/quadrotor_sim/flight/ros/custom_msgs/matlab_msg_gen_ros1/glnxa64/install/lib/python2.7/dist-packages/mavros_msgs/srv/_SetMode.py
-- Installing: /home/lowjunen/StanfordMSL/quadrotor_sim/flight/ros/custom_msgs/matlab_msg_gen_ros1/glnxa64/install/lib/python2.7/dist-packages/mavros_msgs/srv/_CommandBool.pyc
-- Installing: /home/lowjunen/StanfordMSL/quadrotor_sim/flight/ros/custom_msgs/matlab_msg_gen_ros1/glnxa64/install/lib/python2.7/dist-packages/mavros_msgs/msg
-- Installing: /home/lowjunen/StanfordMSL/quadrotor_sim/flight/ros/custom_msgs/matlab_msg_gen_ros1/glnxa64/install/lib/python2.7/dist-packages/mavros_msgs/msg/__init__.pyc
-- Installing: /home/lowjunen/StanfordMSL/quadrotor_sim/flight/ros/custom_msgs/matlab_msg_gen_ros1/glnxa64/install/lib/python2.7/dist-packages/mavros_msgs/msg/_ActuatorControl.pyc
-- Installing: /home/lowjunen/StanfordMSL/quadrotor_sim/flight/ros/custom_msgs/matlab_msg_gen_ros1/glnxa64/install/lib/python2.7/dist-packages/mavros_msgs/msg/_Thrust.pyc
-- Installing: /home/lowjunen/StanfordMSL/quadrotor_sim/flight/ros/custom_msgs/matlab_msg_gen_ros1/glnxa64/install/lib/python2.7/dist-packages/mavros_msgs/msg/_Thrust.py
-- Installing: /home/lowjunen/StanfordMSL/quadrotor_sim/flight/ros/custom_msgs/matlab_msg_gen_ros1/glnxa64/install/lib/python2.7/dist-packages/mavros_msgs/msg/__init__.py
-- Installing: /home/lowjunen/StanfordMSL/quadrotor_sim/flight/ros/custom_msgs/matlab_msg_gen_ros1/glnxa64/install/lib/python2.7/dist-packages/mavros_msgs/msg/_ActuatorControl.py
-- Installing: /home/lowjunen/StanfordMSL/quadrotor_sim/flight/ros/custom_msgs/matlab_msg_gen_ros1/glnxa64/install/lib/python2.7/dist-packages/mavros_msgs/msg/_AttitudeTarget.pyc
-- Installing: /home/lowjunen/StanfordMSL/quadrotor_sim/flight/ros/custom_msgs/matlab_msg_gen_ros1/glnxa64/install/lib/python2.7/dist-packages/mavros_msgs/msg/_AttitudeTarget.py
-- Installing: /home/lowjunen/StanfordMSL/quadrotor_sim/flight/ros/custom_msgs/matlab_msg_gen_ros1/glnxa64/install/lib/pkgconfig/mavros_msgs.pc
-- Installing: /home/lowjunen/StanfordMSL/quadrotor_sim/flight/ros/custom_msgs/matlab_msg_gen_ros1/glnxa64/install/share/mavros_msgs/cmake/mavros_msgs-msg-extras.cmake
-- Installing: /home/lowjunen/StanfordMSL/quadrotor_sim/flight/ros/custom_msgs/matlab_msg_gen_ros1/glnxa64/install/share/mavros_msgs/cmake/mavros_msgsConfig.cmake
-- Installing: /home/lowjunen/StanfordMSL/quadrotor_sim/flight/ros/custom_msgs/matlab_msg_gen_ros1/glnxa64/install/share/mavros_msgs/cmake/mavros_msgsConfig-version.cmake
-- Installing: /home/lowjunen/StanfordMSL/quadrotor_sim/flight/ros/custom_msgs/matlab_msg_gen_ros1/glnxa64/install/share/mavros_msgs/package.xml
-- Up-to-date: /home/lowjunen/StanfordMSL/quadrotor_sim/flight/ros/custom_msgs/matlab_msg_gen_ros1/glnxa64/install/include
-- Up-to-date: /home/lowjunen/StanfordMSL/quadrotor_sim/flight/ros/custom_msgs/matlab_msg_gen_ros1/glnxa64/install/include/mavros_msgs
-- Installing: /home/lowjunen/StanfordMSL/quadrotor_sim/flight/ros/custom_msgs/matlab_msg_gen_ros1/glnxa64/install/include/mavros_msgs/visibility_control.h
-- Installing: /home/lowjunen/StanfordMSL/quadrotor_sim/flight/ros/custom_msgs/matlab_msg_gen_ros1/glnxa64/install/lib/libmavros_msgs_matlab.so
-- Up-to-date: /home/lowjunen/StanfordMSL/quadrotor_sim/flight/ros/custom_msgs/matlab_msg_gen_ros1/glnxa64/install/m/
-- Up-to-date: /home/lowjunen/StanfordMSL/quadrotor_sim/flight/ros/custom_msgs/matlab_msg_gen_ros1/glnxa64/install/m//+ros
-- Up-to-date: /home/lowjunen/StanfordMSL/quadrotor_sim/flight/ros/custom_msgs/matlab_msg_gen_ros1/glnxa64/install/m//+ros/+internal
-- Up-to-date: /home/lowjunen/StanfordMSL/quadrotor_sim/flight/ros/custom_msgs/matlab_msg_gen_ros1/glnxa64/install/m//+ros/+internal/+ros
-- Up-to-date: /home/lowjunen/StanfordMSL/quadrotor_sim/flight/ros/custom_msgs/matlab_msg_gen_ros1/glnxa64/install/m//+ros/+internal/+ros/+custommessages
-- Installing: /home/lowjunen/StanfordMSL/quadrotor_sim/flight/ros/custom_msgs/matlab_msg_gen_ros1/glnxa64/install/m//+ros/+internal/+ros/+custommessages/+mavros_msgs
-- Installing: /home/lowjunen/StanfordMSL/quadrotor_sim/flight/ros/custom_msgs/matlab_msg_gen_ros1/glnxa64/install/m//+ros/+internal/+ros/+custommessages/+mavros_msgs/thrust.m
-- Installing: /home/lowjunen/StanfordMSL/quadrotor_sim/flight/ros/custom_msgs/matlab_msg_gen_ros1/glnxa64/install/m//+ros/+internal/+ros/+custommessages/+mavros_msgs/attitudeTarget.m
-- Installing: /home/lowjunen/StanfordMSL/quadrotor_sim/flight/ros/custom_msgs/matlab_msg_gen_ros1/glnxa64/install/m//+ros/+internal/+ros/+custommessages/+mavros_msgs/setModeResponse.m
-- Installing: /home/lowjunen/StanfordMSL/quadrotor_sim/flight/ros/custom_msgs/matlab_msg_gen_ros1/glnxa64/install/m//+ros/+internal/+ros/+custommessages/+mavros_msgs/commandTOLResponse.m
-- Installing: /home/lowjunen/StanfordMSL/quadrotor_sim/flight/ros/custom_msgs/matlab_msg_gen_ros1/glnxa64/install/m//+ros/+internal/+ros/+custommessages/+mavros_msgs/setModeRequest.m
-- Installing: /home/lowjunen/StanfordMSL/quadrotor_sim/flight/ros/custom_msgs/matlab_msg_gen_ros1/glnxa64/install/m//+ros/+internal/+ros/+custommessages/+mavros_msgs/commandTOLRequest.m
-- Installing: /home/lowjunen/StanfordMSL/quadrotor_sim/flight/ros/custom_msgs/matlab_msg_gen_ros1/glnxa64/install/m//+ros/+internal/+ros/+custommessages/+mavros_msgs/actuatorControl.m
-- Installing: /home/lowjunen/StanfordMSL/quadrotor_sim/flight/ros/custom_msgs/matlab_msg_gen_ros1/glnxa64/install/m//+ros/+internal/+ros/+custommessages/+mavros_msgs/commandBoolRequest.m
-- Installing: /home/lowjunen/StanfordMSL/quadrotor_sim/flight/ros/custom_msgs/matlab_msg_gen_ros1/glnxa64/install/m//+ros/+internal/+ros/+custommessages/+mavros_msgs/commandBoolResponse.m
-- Up-to-date: /home/lowjunen/StanfordMSL/quadrotor_sim/flight/ros/custom_msgs/matlab_msg_gen_ros1/glnxa64/install/m//+ros/+msggen
-- Installing: /home/lowjunen/StanfordMSL/quadrotor_sim/flight/ros/custom_msgs/matlab_msg_gen_ros1/glnxa64/install/m//+ros/+msggen/+mavros_msgs
-- Installing: /home/lowjunen/StanfordMSL/quadrotor_sim/flight/ros/custom_msgs/matlab_msg_gen_ros1/glnxa64/install/m//+ros/+msggen/+mavros_msgs/CommandTOLRequest.m
-- Installing: /home/lowjunen/StanfordMSL/quadrotor_sim/flight/ros/custom_msgs/matlab_msg_gen_ros1/glnxa64/install/m//+ros/+msggen/+mavros_msgs/AttitudeTarget.m
-- Installing: /home/lowjunen/StanfordMSL/quadrotor_sim/flight/ros/custom_msgs/matlab_msg_gen_ros1/glnxa64/install/m//+ros/+msggen/+mavros_msgs/CommandTOLResponse.m
-- Installing: /home/lowjunen/StanfordMSL/quadrotor_sim/flight/ros/custom_msgs/matlab_msg_gen_ros1/glnxa64/install/m//+ros/+msggen/+mavros_msgs/ActuatorControl.m
-- Installing: /home/lowjunen/StanfordMSL/quadrotor_sim/flight/ros/custom_msgs/matlab_msg_gen_ros1/glnxa64/install/m//+ros/+msggen/+mavros_msgs/SetModeRequest.m
-- Installing: /home/lowjunen/StanfordMSL/quadrotor_sim/flight/ros/custom_msgs/matlab_msg_gen_ros1/glnxa64/install/m//+ros/+msggen/+mavros_msgs/Thrust.m
-- Installing: /home/lowjunen/StanfordMSL/quadrotor_sim/flight/ros/custom_msgs/matlab_msg_gen_ros1/glnxa64/install/m//+ros/+msggen/+mavros_msgs/CommandBoolRequest.m
-- Installing: /home/lowjunen/StanfordMSL/quadrotor_sim/flight/ros/custom_msgs/matlab_msg_gen_ros1/glnxa64/install/m//+ros/+msggen/+mavros_msgs/CommandBoolResponse.m
-- Installing: /home/lowjunen/StanfordMSL/quadrotor_sim/flight/ros/custom_msgs/matlab_msg_gen_ros1/glnxa64/install/m//+ros/+msggen/+mavros_msgs/SetModeResponse.m
Base path: /home/lowjunen/StanfordMSL/quadrotor_sim/flight/ros/custom_msgs/matlab_msg_gen_ros1/glnxa64
Source space: /home/lowjunen/StanfordMSL/quadrotor_sim/flight/ros/custom_msgs/matlab_msg_gen_ros1/glnxa64/src
Build space: /home/lowjunen/StanfordMSL/quadrotor_sim/flight/ros/custom_msgs/matlab_msg_gen_ros1/glnxa64/build
Devel space: /home/lowjunen/StanfordMSL/quadrotor_sim/flight/ros/custom_msgs/matlab_msg_gen_ros1/glnxa64/devel
Install space: /home/lowjunen/StanfordMSL/quadrotor_sim/flight/ros/custom_msgs/matlab_msg_gen_ros1/glnxa64/install
Creating symlink "/home/lowjunen/StanfordMSL/quadrotor_sim/flight/ros/custom_msgs/matlab_msg_gen_ros1/glnxa64/src/CMakeLists.txt" pointing to "/usr/local/MATLAB/R2021a/sys/ros1/glnxa64/ros1/share/catkin/cmake/toplevel.cmake"
####
#### Running command: "cmake /home/lowjunen/StanfordMSL/quadrotor_sim/flight/ros/custom_msgs/matlab_msg_gen_ros1/glnxa64/src -DBoost_NAMESPACE=mwboost -DCATKIN_ENABLE_TESTING=off -DCMAKE_PREFIX_PATH=/usr/local/MATLAB/R2021a/sys/ros1/glnxa64/ros1;/usr/local/MATLAB/R2021a/toolbox/ros/mlroscpp/custom_messages -DCMAKE_BUILD_TYPE=Release -DCMAKE_CXX_FLAGS_RELEASE=-O0 -DCATKIN_DEVEL_PREFIX=/home/lowjunen/StanfordMSL/quadrotor_sim/flight/ros/custom_msgs/matlab_msg_gen_ros1/glnxa64/devel -DCMAKE_INSTALL_PREFIX=/home/lowjunen/StanfordMSL/quadrotor_sim/flight/ros/custom_msgs/matlab_msg_gen_ros1/glnxa64/install -G Ninja" in "/home/lowjunen/StanfordMSL/quadrotor_sim/flight/ros/custom_msgs/matlab_msg_gen_ros1/glnxa64/build"
####
####
#### Running command: "ninja install install -j12 -l12" in "/home/lowjunen/StanfordMSL/quadrotor_sim/flight/ros/custom_msgs/matlab_msg_gen_ros1/glnxa64/build"
####
